2022-07-10 22:54:40  [stationWrapper] Starting station main software
2022-07-10 22:54:40  [tmate] Starting tmate remote access daemon
10/07/2022 22:54:55 [pythonStation] Trying /dev/ttyACM0
10/07/2022 22:55:31 [pythonStation] Measurement taken
2022-07-10 23:00:01  [gitExport] Starting github sync
10/07/2022 23:00:32 [pythonStation] Measurement taken
10/07/2022 23:05:34 [pythonStation] Measurement taken
2022-07-10 23:10:02  [gitExport] Starting github sync
10/07/2022 23:10:35 [pythonStation] Measurement taken
10/07/2022 23:15:36 [pythonStation] Measurement taken
2022-07-10 23:20:01  [gitExport] Starting github sync
10/07/2022 23:20:38 [pythonStation] Measurement taken
10/07/2022 23:25:39 [pythonStation] Measurement taken
2022-07-10 23:30:01  [gitExport] Starting github sync
10/07/2022 23:30:40 [pythonStation] Measurement taken
10/07/2022 23:35:42 [pythonStation] Measurement taken
2022-07-10 23:40:01  [gitExport] Starting github sync
10/07/2022 23:40:43 [pythonStation] Measurement taken
10/07/2022 23:45:45 [pythonStation] Measurement taken
2022-07-10 23:50:01  [gitExport] Starting github sync
10/07/2022 23:50:46 [pythonStation] Measurement taken
10/07/2022 23:55:47 [pythonStation] Measurement taken
2022-07-11 00:00:01  [gitExport] Starting github sync
2022-07-11 00:00:01  [nightCleanup] Trimming log to last 500 rows
11/07/2022 00:00:01 [pythonStation] Gracefully handling death
2022-07-11 00:00:01  [nightCleanup] Killing python and waiting a bit
2022-07-11 00:01:41  [stationWrapper] Daily power cycle
2022-07-11 00:10:01  [gitExport] Starting github sync
2022-07-11 00:20:01  [gitExport] Starting github sync
2022-07-11 00:29:29  [stationWrapper] Starting station main software
2022-07-11 00:30:01  [gitExport] Starting github sync
2022-07-11 00:31:15  [tmate] Starting tmate remote access daemon
2022-07-11 00:31:15  [stationWrapper] Starting station main software
11/07/2022 00:31:56  [pythonStation] Trying /dev/ttyACM0
11/07/2022 00:32:06  [pythonStation] Measurement taken
11/07/2022 00:37:08  [pythonStation] Measurement taken
2022-07-11 00:40:01  [gitExport] Starting github sync
11/07/2022 00:42:09  [pythonStation] Measurement taken
11/07/2022 00:47:10  [pythonStation] Measurement taken
2022-07-11 00:50:01  [gitExport] Starting github sync
11/07/2022 00:52:12  [pythonStation] Measurement taken
11/07/2022 00:57:13  [pythonStation] Measurement taken
2022-07-11 01:00:01  [gitExport] Starting github sync
11/07/2022 01:02:15  [pythonStation] Measurement taken
11/07/2022 01:07:16  [pythonStation] Measurement taken
2022-07-11 01:10:01  [gitExport] Starting github sync
11/07/2022 01:12:17  [pythonStation] Measurement taken
11/07/2022 01:17:19  [pythonStation] Measurement taken
2022-07-11 01:20:01  [gitExport] Starting github sync
11/07/2022 01:22:20  [pythonStation] Measurement taken
11/07/2022 01:27:21  [pythonStation] Measurement taken
2022-07-11 01:30:01  [gitExport] Starting github sync
11/07/2022 01:32:23  [pythonStation] Measurement taken
11/07/2022 01:37:24  [pythonStation] Measurement taken
2022-07-11 01:40:01  [gitExport] Starting github sync
11/07/2022 01:42:26  [pythonStation] Measurement taken
11/07/2022 01:47:27  [pythonStation] Measurement taken
2022-07-11 01:50:01  [gitExport] Starting github sync
11/07/2022 01:52:28  [pythonStation] Measurement taken
11/07/2022 01:57:30  [pythonStation] Measurement taken
2022-07-11 02:00:01  [gitExport] Starting github sync
11/07/2022 02:02:31  [pythonStation] Measurement taken
11/07/2022 02:07:32  [pythonStation] Measurement taken
2022-07-11 02:10:01  [gitExport] Starting github sync
11/07/2022 02:12:34  [pythonStation] Measurement taken
11/07/2022 02:17:35  [pythonStation] Measurement taken
2022-07-11 02:20:01  [gitExport] Starting github sync
11/07/2022 02:22:37  [pythonStation] Measurement taken
11/07/2022 02:27:38  [pythonStation] Measurement taken
2022-07-11 02:30:01  [gitExport] Starting github sync
11/07/2022 02:32:39  [pythonStation] Measurement taken
11/07/2022 02:37:41  [pythonStation] Measurement taken
2022-07-11 02:40:01  [gitExport] Starting github sync
11/07/2022 02:42:42  [pythonStation] Measurement taken
11/07/2022 02:47:43  [pythonStation] Measurement taken
2022-07-11 02:50:01  [gitExport] Starting github sync
11/07/2022 02:52:45  [pythonStation] Measurement taken
11/07/2022 02:57:46  [pythonStation] Measurement taken
2022-07-11 03:00:01  [gitExport] Starting github sync
11/07/2022 03:02:47  [pythonStation] Measurement taken
11/07/2022 03:07:49  [pythonStation] Measurement taken
2022-07-11 03:10:02  [gitExport] Starting github sync
11/07/2022 03:12:50  [pythonStation] Measurement taken
11/07/2022 03:17:52  [pythonStation] Measurement taken
2022-07-11 03:20:01  [gitExport] Starting github sync
11/07/2022 03:22:53  [pythonStation] Measurement taken
11/07/2022 03:27:54  [pythonStation] Measurement taken
2022-07-11 03:30:01  [gitExport] Starting github sync
11/07/2022 03:32:56  [pythonStation] Measurement taken
11/07/2022 03:37:57  [pythonStation] Measurement taken
2022-07-11 03:40:01  [gitExport] Starting github sync
11/07/2022 03:42:58  [pythonStation] Measurement taken
11/07/2022 03:48:00  [pythonStation] Measurement taken
2022-07-11 03:50:01  [gitExport] Starting github sync
11/07/2022 03:53:01  [pythonStation] Measurement taken
11/07/2022 03:58:02  [pythonStation] Measurement taken
2022-07-11 04:00:01  [gitExport] Starting github sync
11/07/2022 04:03:04  [pythonStation] Measurement taken
11/07/2022 04:08:05  [pythonStation] Measurement taken
2022-07-11 04:10:01  [gitExport] Starting github sync
11/07/2022 04:13:07  [pythonStation] Measurement taken
11/07/2022 04:18:08  [pythonStation] Measurement taken
2022-07-11 04:20:01  [gitExport] Starting github sync
11/07/2022 04:23:09  [pythonStation] Measurement taken
11/07/2022 04:28:11  [pythonStation] Measurement taken
2022-07-11 04:30:02  [gitExport] Starting github sync
11/07/2022 04:33:12  [pythonStation] Measurement taken
11/07/2022 04:38:13  [pythonStation] Measurement taken
2022-07-11 04:40:01  [gitExport] Starting github sync
11/07/2022 04:43:15  [pythonStation] Measurement taken
11/07/2022 04:48:16  [pythonStation] Measurement taken
2022-07-11 04:50:01  [gitExport] Starting github sync
11/07/2022 04:53:18  [pythonStation] Measurement taken
11/07/2022 04:58:19  [pythonStation] Measurement taken
2022-07-11 05:00:01  [gitExport] Starting github sync
11/07/2022 05:03:20  [pythonStation] Measurement taken
11/07/2022 05:08:22  [pythonStation] Measurement taken
2022-07-11 05:10:01  [gitExport] Starting github sync
11/07/2022 05:13:23  [pythonStation] Measurement taken
11/07/2022 05:18:24  [pythonStation] Measurement taken
2022-07-11 05:20:01  [gitExport] Starting github sync
11/07/2022 05:23:26  [pythonStation] Measurement taken
11/07/2022 05:28:27  [pythonStation] Measurement taken
2022-07-11 05:30:01  [gitExport] Starting github sync
11/07/2022 05:33:29  [pythonStation] Measurement taken
11/07/2022 05:38:30  [pythonStation] Measurement taken
2022-07-11 05:40:01  [gitExport] Starting github sync
11/07/2022 05:43:31  [pythonStation] Measurement taken
11/07/2022 05:48:33  [pythonStation] Measurement taken
2022-07-11 05:50:01  [gitExport] Starting github sync
11/07/2022 05:53:34  [pythonStation] Measurement taken
11/07/2022 05:58:35  [pythonStation] Measurement taken
2022-07-11 06:00:02  [gitExport] Starting github sync
11/07/2022 06:03:37  [pythonStation] Measurement taken
11/07/2022 06:08:38  [pythonStation] Measurement taken
2022-07-11 06:10:01  [gitExport] Starting github sync
11/07/2022 06:13:40  [pythonStation] Measurement taken
11/07/2022 06:18:41  [pythonStation] Measurement taken
2022-07-11 06:20:01  [gitExport] Starting github sync
11/07/2022 06:23:42  [pythonStation] Measurement taken
11/07/2022 06:28:44  [pythonStation] Measurement taken
2022-07-11 06:30:01  [gitExport] Starting github sync
11/07/2022 06:33:45  [pythonStation] Measurement taken
11/07/2022 06:38:46  [pythonStation] Measurement taken
2022-07-11 06:40:01  [gitExport] Starting github sync
11/07/2022 06:43:48  [pythonStation] Measurement taken
11/07/2022 06:48:49  [pythonStation] Measurement taken
2022-07-11 06:50:01  [gitExport] Starting github sync
11/07/2022 06:53:50  [pythonStation] Measurement taken
11/07/2022 06:58:52  [pythonStation] Measurement taken
2022-07-11 07:00:01  [gitExport] Starting github sync
11/07/2022 07:03:53  [pythonStation] Measurement taken
11/07/2022 07:08:55  [pythonStation] Measurement taken
2022-07-11 07:10:01  [gitExport] Starting github sync
11/07/2022 07:13:56  [pythonStation] Measurement taken
11/07/2022 07:18:57  [pythonStation] Measurement taken
2022-07-11 07:20:01  [gitExport] Starting github sync
11/07/2022 07:23:59  [pythonStation] Measurement taken
11/07/2022 07:29:00  [pythonStation] Measurement taken
2022-07-11 07:30:01  [gitExport] Starting github sync
11/07/2022 07:34:01  [pythonStation] Measurement taken
11/07/2022 07:39:03  [pythonStation] Measurement taken
2022-07-11 07:40:01  [gitExport] Starting github sync
11/07/2022 07:44:04  [pythonStation] Measurement taken
11/07/2022 07:49:06  [pythonStation] Measurement taken
2022-07-11 07:50:01  [gitExport] Starting github sync
11/07/2022 07:54:07  [pythonStation] Measurement taken
11/07/2022 07:59:08  [pythonStation] Measurement taken
2022-07-11 08:00:01  [gitExport] Starting github sync
11/07/2022 08:04:10  [pythonStation] Measurement taken
11/07/2022 08:09:11  [pythonStation] Measurement taken
2022-07-11 08:10:01  [gitExport] Starting github sync
11/07/2022 08:14:12  [pythonStation] Measurement taken
11/07/2022 08:19:14  [pythonStation] Measurement taken
2022-07-11 08:20:01  [gitExport] Starting github sync
11/07/2022 08:24:15  [pythonStation] Measurement taken
11/07/2022 08:29:16  [pythonStation] Measurement taken
2022-07-11 08:30:01  [gitExport] Starting github sync
11/07/2022 08:34:18  [pythonStation] Measurement taken
11/07/2022 08:39:19  [pythonStation] Measurement taken
2022-07-11 08:40:01  [gitExport] Starting github sync
11/07/2022 08:44:21  [pythonStation] Measurement taken
11/07/2022 08:49:22  [pythonStation] Measurement taken
2022-07-11 08:50:01  [gitExport] Starting github sync
11/07/2022 08:54:23  [pythonStation] Measurement taken
11/07/2022 08:59:25  [pythonStation] Measurement taken
2022-07-11 09:00:01  [gitExport] Starting github sync
11/07/2022 09:04:26  [pythonStation] Measurement taken
11/07/2022 09:09:27  [pythonStation] Measurement taken
2022-07-11 09:10:02  [gitExport] Starting github sync
11/07/2022 09:14:29  [pythonStation] Measurement taken
11/07/2022 09:19:30  [pythonStation] Measurement taken
2022-07-11 09:20:01  [gitExport] Starting github sync
11/07/2022 09:24:32  [pythonStation] Measurement taken
11/07/2022 09:29:33  [pythonStation] Measurement taken
2022-07-11 09:30:01  [gitExport] Starting github sync
11/07/2022 09:34:34  [pythonStation] Measurement taken
11/07/2022 09:39:36  [pythonStation] Measurement taken
2022-07-11 09:40:01  [gitExport] Starting github sync
11/07/2022 09:44:37  [pythonStation] Measurement taken
11/07/2022 09:49:38  [pythonStation] Measurement taken
2022-07-11 09:50:01  [gitExport] Starting github sync
11/07/2022 09:54:40  [pythonStation] Measurement taken
11/07/2022 09:59:41  [pythonStation] Measurement taken
2022-07-11 10:00:01  [gitExport] Starting github sync
11/07/2022 10:04:42  [pythonStation] Measurement taken
11/07/2022 10:09:44  [pythonStation] Measurement taken
2022-07-11 10:10:01  [gitExport] Starting github sync
11/07/2022 10:14:45  [pythonStation] Measurement taken
11/07/2022 10:19:47  [pythonStation] Measurement taken
2022-07-11 10:20:01  [gitExport] Starting github sync
11/07/2022 10:24:48  [pythonStation] Measurement taken
11/07/2022 10:29:49  [pythonStation] Measurement taken
2022-07-11 10:30:01  [gitExport] Starting github sync
11/07/2022 10:34:51  [pythonStation] Measurement taken
11/07/2022 10:39:52  [pythonStation] Measurement taken
2022-07-11 10:40:01  [gitExport] Starting github sync
11/07/2022 10:44:53  [pythonStation] Measurement taken
11/07/2022 10:49:55  [pythonStation] Measurement taken
2022-07-11 10:50:01  [gitExport] Starting github sync
11/07/2022 10:54:56  [pythonStation] Measurement taken
11/07/2022 10:59:58  [pythonStation] Measurement taken
2022-07-11 11:00:01  [gitExport] Starting github sync
11/07/2022 11:04:59  [pythonStation] Measurement taken
11/07/2022 11:10:00  [pythonStation] Measurement taken
2022-07-11 11:10:01  [gitExport] Starting github sync
11/07/2022 11:15:02  [pythonStation] Measurement taken
2022-07-11 11:20:01  [gitExport] Starting github sync
11/07/2022 11:20:03  [pythonStation] Measurement taken
11/07/2022 11:25:04  [pythonStation] Measurement taken
2022-07-11 11:30:01  [gitExport] Starting github sync
11/07/2022 11:30:06  [pythonStation] Measurement taken
11/07/2022 11:35:07  [pythonStation] Measurement taken
2022-07-11 11:40:01  [gitExport] Starting github sync
11/07/2022 11:40:09  [pythonStation] Measurement taken
11/07/2022 11:45:10  [pythonStation] Measurement taken
2022-07-11 11:50:01  [gitExport] Starting github sync
11/07/2022 11:50:11  [pythonStation] Measurement taken
11/07/2022 11:55:13  [pythonStation] Measurement taken
2022-07-11 12:00:01  [gitExport] Starting github sync
11/07/2022 12:00:14  [pythonStation] Measurement taken
11/07/2022 12:05:15  [pythonStation] Measurement taken
2022-07-11 12:10:01  [gitExport] Starting github sync
11/07/2022 12:10:17  [pythonStation] Measurement taken
11/07/2022 12:15:18  [pythonStation] Measurement taken
2022-07-11 12:20:01  [gitExport] Starting github sync
11/07/2022 12:20:19  [pythonStation] Measurement taken
11/07/2022 12:25:21  [pythonStation] Measurement taken
2022-07-11 12:30:01  [gitExport] Starting github sync
11/07/2022 12:30:22  [pythonStation] Measurement taken
11/07/2022 12:35:24  [pythonStation] Measurement taken
2022-07-11 12:40:01  [gitExport] Starting github sync
11/07/2022 12:40:25  [pythonStation] Measurement taken
11/07/2022 12:45:26  [pythonStation] Measurement taken
2022-07-11 12:50:01  [gitExport] Starting github sync
11/07/2022 12:50:28  [pythonStation] Measurement taken
11/07/2022 12:55:29  [pythonStation] Measurement taken
2022-07-11 13:00:01  [gitExport] Starting github sync
11/07/2022 13:00:30  [pythonStation] Measurement taken
11/07/2022 13:05:32  [pythonStation] Measurement taken
2022-07-11 13:10:01  [gitExport] Starting github sync
11/07/2022 13:10:33  [pythonStation] Measurement taken
11/07/2022 13:15:35  [pythonStation] Measurement taken
2022-07-11 13:20:01  [gitExport] Starting github sync
11/07/2022 13:20:37  [pythonStation] Measurement taken
11/07/2022 13:25:38  [pythonStation] Measurement taken
2022-07-11 13:30:02  [gitExport] Starting github sync
11/07/2022 13:30:40  [pythonStation] Measurement taken
11/07/2022 13:35:41  [pythonStation] Measurement taken
2022-07-11 13:40:01  [gitExport] Starting github sync
11/07/2022 13:40:42  [pythonStation] Measurement taken
11/07/2022 13:45:44  [pythonStation] Measurement taken
2022-07-11 13:50:01  [gitExport] Starting github sync
11/07/2022 13:50:45  [pythonStation] Measurement taken
11/07/2022 13:55:46  [pythonStation] Measurement taken
2022-07-11 14:00:01  [gitExport] Starting github sync
11/07/2022 14:00:48  [pythonStation] Measurement taken
11/07/2022 14:05:49  [pythonStation] Measurement taken
2022-07-11 14:10:02  [gitExport] Starting github sync
11/07/2022 14:10:51  [pythonStation] Measurement taken
11/07/2022 14:15:52  [pythonStation] Measurement taken
2022-07-11 14:20:01  [gitExport] Starting github sync
11/07/2022 14:20:53  [pythonStation] Measurement taken
11/07/2022 14:25:55  [pythonStation] Measurement taken
2022-07-11 14:30:01  [gitExport] Starting github sync
11/07/2022 14:30:56  [pythonStation] Measurement taken
11/07/2022 14:35:57  [pythonStation] Measurement taken
2022-07-11 14:40:01  [gitExport] Starting github sync
11/07/2022 14:40:59  [pythonStation] Measurement taken
11/07/2022 14:46:00  [pythonStation] Measurement taken
2022-07-11 14:50:01  [gitExport] Starting github sync
11/07/2022 14:51:01  [pythonStation] Measurement taken
11/07/2022 14:56:03  [pythonStation] Measurement taken
2022-07-11 15:00:01  [gitExport] Starting github sync
11/07/2022 15:01:04  [pythonStation] Measurement taken
11/07/2022 15:06:06  [pythonStation] Measurement taken
2022-07-11 15:10:01  [gitExport] Starting github sync
11/07/2022 15:11:07  [pythonStation] Measurement taken
11/07/2022 15:16:08  [pythonStation] Measurement taken
2022-07-11 15:20:01  [gitExport] Starting github sync
11/07/2022 15:21:10  [pythonStation] Measurement taken
11/07/2022 15:26:11  [pythonStation] Measurement taken
2022-07-11 15:30:01  [gitExport] Starting github sync
11/07/2022 15:31:12  [pythonStation] Measurement taken
11/07/2022 15:36:14  [pythonStation] Measurement taken
2022-07-11 15:40:01  [gitExport] Starting github sync
11/07/2022 15:41:15  [pythonStation] Measurement taken
11/07/2022 15:46:17  [pythonStation] Measurement taken
2022-07-11 15:50:01  [gitExport] Starting github sync
11/07/2022 15:51:18  [pythonStation] Measurement taken
11/07/2022 15:56:19  [pythonStation] Measurement taken
2022-07-11 16:00:01  [gitExport] Starting github sync
11/07/2022 16:01:21  [pythonStation] Measurement taken
11/07/2022 16:06:22  [pythonStation] Measurement taken
2022-07-11 16:10:01  [gitExport] Starting github sync
11/07/2022 16:11:23  [pythonStation] Measurement taken
11/07/2022 16:16:25  [pythonStation] Measurement taken
2022-07-11 16:20:01  [gitExport] Starting github sync
11/07/2022 16:21:26  [pythonStation] Measurement taken
11/07/2022 16:26:28  [pythonStation] Measurement taken
2022-07-11 16:30:01  [gitExport] Starting github sync
11/07/2022 16:31:29  [pythonStation] Measurement taken
11/07/2022 16:36:30  [pythonStation] Measurement taken
2022-07-11 16:40:01  [gitExport] Starting github sync
11/07/2022 16:41:32  [pythonStation] Measurement taken
11/07/2022 16:46:33  [pythonStation] Measurement taken
2022-07-11 16:50:01  [gitExport] Starting github sync
11/07/2022 16:51:34  [pythonStation] Measurement taken
11/07/2022 16:56:36  [pythonStation] Measurement taken
2022-07-11 17:00:01  [gitExport] Starting github sync
11/07/2022 17:01:37  [pythonStation] Measurement taken
11/07/2022 17:06:39  [pythonStation] Measurement taken
2022-07-11 17:10:01  [gitExport] Starting github sync
11/07/2022 17:11:40  [pythonStation] Measurement taken
11/07/2022 17:16:41  [pythonStation] Measurement taken
2022-07-11 17:20:01  [gitExport] Starting github sync
11/07/2022 17:21:43  [pythonStation] Measurement taken
11/07/2022 17:26:44  [pythonStation] Measurement taken
2022-07-11 17:30:01  [gitExport] Starting github sync
11/07/2022 17:31:45  [pythonStation] Measurement taken
11/07/2022 17:36:47  [pythonStation] Measurement taken
2022-07-11 17:40:02  [gitExport] Starting github sync
11/07/2022 17:41:48  [pythonStation] Measurement taken
11/07/2022 17:46:49  [pythonStation] Measurement taken
2022-07-11 17:50:01  [gitExport] Starting github sync
11/07/2022 17:51:51  [pythonStation] Measurement taken
11/07/2022 17:56:52  [pythonStation] Measurement taken
2022-07-11 18:00:01  [gitExport] Starting github sync
11/07/2022 18:01:54  [pythonStation] Measurement taken
11/07/2022 18:06:55  [pythonStation] Measurement taken
2022-07-11 18:10:01  [gitExport] Starting github sync
11/07/2022 18:11:56  [pythonStation] Measurement taken
11/07/2022 18:16:58  [pythonStation] Measurement taken
2022-07-11 18:20:01  [gitExport] Starting github sync
11/07/2022 18:21:59  [pythonStation] Measurement taken
11/07/2022 18:27:00  [pythonStation] Measurement taken
2022-07-11 18:30:01  [gitExport] Starting github sync
11/07/2022 18:32:02  [pythonStation] Measurement taken
11/07/2022 18:37:03  [pythonStation] Measurement taken
2022-07-11 18:40:01  [gitExport] Starting github sync
11/07/2022 18:42:05  [pythonStation] Measurement taken
11/07/2022 18:47:06  [pythonStation] Measurement taken
2022-07-11 18:50:01  [gitExport] Starting github sync
11/07/2022 18:52:07  [pythonStation] Measurement taken
11/07/2022 18:57:09  [pythonStation] Measurement taken
2022-07-11 19:00:01  [gitExport] Starting github sync
11/07/2022 19:02:10  [pythonStation] Measurement taken
11/07/2022 19:07:11  [pythonStation] Measurement taken
2022-07-11 19:10:01  [gitExport] Starting github sync
11/07/2022 19:12:13  [pythonStation] Measurement taken
11/07/2022 19:17:14  [pythonStation] Measurement taken
2022-07-11 19:20:01  [gitExport] Starting github sync
11/07/2022 19:22:16  [pythonStation] Measurement taken
11/07/2022 19:27:17  [pythonStation] Measurement taken
2022-07-11 19:30:01  [gitExport] Starting github sync
11/07/2022 19:32:18  [pythonStation] Measurement taken
11/07/2022 19:37:20  [pythonStation] Measurement taken
2022-07-11 19:40:01  [gitExport] Starting github sync
11/07/2022 19:42:21  [pythonStation] Measurement taken
11/07/2022 19:47:22  [pythonStation] Measurement taken
2022-07-11 19:50:01  [gitExport] Starting github sync
11/07/2022 19:52:24  [pythonStation] Measurement taken
11/07/2022 19:57:25  [pythonStation] Measurement taken
2022-07-11 20:00:01  [gitExport] Starting github sync
11/07/2022 20:02:27  [pythonStation] Measurement taken
11/07/2022 20:07:28  [pythonStation] Measurement taken
2022-07-11 20:10:01  [gitExport] Starting github sync
11/07/2022 20:12:29  [pythonStation] Measurement taken
11/07/2022 20:17:31  [pythonStation] Measurement taken
2022-07-11 20:20:01  [gitExport] Starting github sync
11/07/2022 20:22:32  [pythonStation] Measurement taken
11/07/2022 20:27:33  [pythonStation] Measurement taken
2022-07-11 20:30:01  [gitExport] Starting github sync
11/07/2022 20:32:35  [pythonStation] Measurement taken
11/07/2022 20:37:36  [pythonStation] Measurement taken
2022-07-11 20:40:01  [gitExport] Starting github sync
11/07/2022 20:42:37  [pythonStation] Measurement taken
11/07/2022 20:47:39  [pythonStation] Measurement taken
2022-07-11 20:50:01  [gitExport] Starting github sync
11/07/2022 20:52:40  [pythonStation] Measurement taken
11/07/2022 20:57:42  [pythonStation] Measurement taken
2022-07-11 21:00:01  [gitExport] Starting github sync
11/07/2022 21:02:43  [pythonStation] Measurement taken
11/07/2022 21:07:44  [pythonStation] Measurement taken
2022-07-11 21:10:02  [tmate] Starting tmate remote access daemon
2022-07-11 21:10:02  [stationWrapper] Starting station main software
2022-07-11 21:10:34  [pythonStation] Trying /dev/ttyACM0
2022-07-11 21:10:45  [pythonStation] Measurement taken
2022-07-11 21:15:46  [pythonStation] Measurement taken
2022-07-11 21:20:01  [gitExport] Starting github sync
2022-07-11 21:20:47  [pythonStation] Measurement taken
2022-07-11 21:25:49  [pythonStation] Measurement taken
2022-07-11 21:30:01  [gitExport] Starting github sync
